<?xml version="1.0" encoding="UTF-8"?>
<!-- Generated by org.testng.reporters.JUnitReportReporter -->
<testsuite skipped="0" hostname="DESKTOP-FJN63NP" name="tests.testOne" tests="1" failures="0" timestamp="2023-04-29T15:51:59 IST" time="7.368" errors="0">
  <testcase name="oneTest" time="7.368" classname="tests.testOne"/>
  <system-out/>
</testsuite> <!-- tests.testOne -->
